<?xml version="1.0" encoding="UTF-8"?>
<!-- Generated by org.testng.reporters.JUnitReportReporter -->
<testsuite hostname="DVYAS" failures="0" tests="1" name="appiumBasics.AppiumTest2" time="13.917" errors="0" timestamp="2025-08-01T21:49:43 EDT" skipped="0">
  <testcase classname="appiumBasics.AppiumTest2" name="longPressTest" time="13.917"/>
  <system-out/>
</testsuite> <!-- appiumBasics.AppiumTest2 -->
