<?xml version="1.0" encoding="UTF-8"?>
<!-- Generated by org.testng.reporters.JUnitReportReporter -->
<testsuite hostname="DVYAS" failures="0" tests="1" name="eCommerce.MobileBrowserTest" time="6.295" errors="0" timestamp="2025-08-02T20:11:42 EDT" skipped="0">
  <testcase classname="eCommerce.MobileBrowserTest" name="mobileChrome" time="6.295"/>
  <system-out/>
</testsuite> <!-- eCommerce.MobileBrowserTest -->
