<?xml version="1.0" encoding="UTF-8"?>
<!-- Generated by org.testng.reporters.JUnitReportReporter -->
<testsuite hostname="DVYAS" failures="0" tests="1" name="eCommerce.TC3" time="29.103" errors="0" timestamp="2025-08-02T19:40:09 EDT" skipped="0">
  <testcase classname="eCommerce.TC3" name="fillForm" time="29.103"/>
  <system-out/>
</testsuite> <!-- eCommerce.TC3 -->
