<?xml version="1.0" encoding="UTF-8"?>
<!-- Generated by org.testng.reporters.JUnitReportReporter -->
<testsuite hostname="DVYAS" failures="0" tests="1" name="appiumBasics.AppiumTest3" time="12.242" errors="0" timestamp="2025-08-01T21:56:56 EDT" skipped="0">
  <testcase classname="appiumBasics.AppiumTest3" name="Scrolling" time="12.242"/>
  <system-out/>
</testsuite> <!-- appiumBasics.AppiumTest3 -->
