<?xml version="1.0" encoding="UTF-8"?>
<!-- Generated by org.testng.reporters.JUnitReportReporter -->
<testsuite hostname="DVYAS" failures="0" tests="1" name="eCommerce.TC2" time="28.823" errors="0" timestamp="2025-08-02T18:55:39 EDT" skipped="0">
  <testcase classname="eCommerce.TC2" name="fillForm" time="28.823"/>
  <system-out/>
</testsuite> <!-- eCommerce.TC2 -->
