<?xml version="1.0" encoding="UTF-8"?>
<!-- Generated by org.testng.reporters.JUnitReportReporter -->
<testsuite hostname="DVYAS" failures="0" tests="1" name="eCommerce.TC4Hybrid" time="38.939" errors="0" timestamp="2025-08-02T20:04:43 EDT" skipped="0">
  <testcase classname="eCommerce.TC4Hybrid" name="fillForm" time="38.939"/>
  <system-out/>
</testsuite> <!-- eCommerce.TC4Hybrid -->
