<?xml version="1.0" encoding="UTF-8"?>
<!-- Generated by org.testng.reporters.JUnitReportReporter -->
<testsuite hostname="DVYAS" failures="0" tests="1" name="eCommerce.TC1" time="16.511" errors="0" timestamp="2025-08-02T17:56:46 EDT" skipped="0">
  <testcase classname="eCommerce.TC1" name="fillForm" time="16.511"/>
  <system-out/>
</testsuite> <!-- eCommerce.TC1 -->
