<?xml version="1.0" encoding="UTF-8"?>
<!-- Generated by org.testng.reporters.JUnitReportReporter -->
<testsuite hostname="DVYAS" failures="0" tests="1" name="appiumBasics.AppiumTest1" time="19.266" errors="0" timestamp="2025-08-02T13:24:48 EDT" skipped="0">
  <testcase classname="appiumBasics.AppiumTest1" name="wifiTest" time="19.266"/>
  <system-out/>
</testsuite> <!-- appiumBasics.AppiumTest1 -->
