<?xml version="1.0" encoding="UTF-8"?>
<!-- Generated by org.testng.reporters.JUnitReportReporter -->
<testsuite hostname="DVYAS" failures="0" tests="1" name="appiumBasics.AppiumTest5" time="12.207" errors="0" timestamp="2025-08-02T11:51:19 EDT" skipped="0">
  <testcase classname="appiumBasics.AppiumTest5" name="dragAndDrop" time="12.207"/>
  <system-out/>
</testsuite> <!-- appiumBasics.AppiumTest5 -->
