<?xml version="1.0" encoding="UTF-8"?>
<!-- Generated by org.testng.reporters.JUnitReportReporter -->
<testsuite hostname="DVYAS" failures="0" tests="1" name="tests.MainTest" time="27.341" errors="0" timestamp="2025-08-06T15:33:33 EDT" skipped="0">
  <testcase classname="tests.MainTest" name="maintest" time="27.341"/>
  <system-out/>
</testsuite> <!-- tests.MainTest -->
