<?xml version="1.0" encoding="UTF-8"?>
<!-- Generated by org.testng.reporters.JUnitReportReporter -->
<testsuite hostname="DVYAS" failures="0" tests="1" name="appiumBasics.AppiumTest4" time="13.576" errors="0" timestamp="2025-08-01T22:18:06 EDT" skipped="0">
  <testcase classname="appiumBasics.AppiumTest4" name="Swipe" time="13.576"/>
  <system-out/>
</testsuite> <!-- appiumBasics.AppiumTest4 -->
